model config:
 {
    "optimizer": {
        "type": "SGD",
        "param": {
            "lr": 0.01,
            "momentum": 0.9
        }
    },
    "data_dir": "/home/stu6/EuroSAT_PRML24/Task_A",
    "work_dir": "../TaskA/2024-06-02-01:00:25",
    "train": {
        "num_epochs": 40,
        "input_size": 64,
        "batch_size": 64
    },
    "val": {
        "input_size": 64,
        "batch_size": 64
    }
}
********************************************************************************
2024-06-02 01:00:25,909 - INFO - Epoch: 1/40
2024-06-02 01:00:26,362 - INFO - [TRAIN][0/296] Loss=2.3179
2024-06-02 01:00:28,877 - INFO - [TRAIN][50/296] Loss=1.5611
2024-06-02 01:00:31,384 - INFO - [TRAIN][100/296] Loss=1.4275
2024-06-02 01:00:33,895 - INFO - [TRAIN][150/296] Loss=1.3473
2024-06-02 01:00:36,410 - INFO - [TRAIN][200/296] Loss=1.2731
2024-06-02 01:00:38,929 - INFO - [TRAIN][250/296] Loss=1.2118
2024-06-02 01:00:41,261 - INFO - [TRAIN][Epoch 0] Loss=1.1667, Acc=0.5920
class acc: [0.62777776 0.         0.21777777 0.804      0.94266665 0.16166666
 0.5466667  0.28666666 0.044      0.33222222]
2024-06-02 01:00:43,608 - INFO - [VAL][Epoch 0] Loss=6.3026, Acc=0.3911
2024-06-02 01:00:43,675 - INFO - Epoch Time: 0:00:17
********************************************************************************
2024-06-02 01:00:43,676 - INFO - Epoch: 2/40
2024-06-02 01:00:43,863 - INFO - [TRAIN][0/296] Loss=0.6732
2024-06-02 01:00:46,393 - INFO - [TRAIN][50/296] Loss=0.8687
2024-06-02 01:00:48,928 - INFO - [TRAIN][100/296] Loss=0.8680
2024-06-02 01:00:51,462 - INFO - [TRAIN][150/296] Loss=0.8413
2024-06-02 01:00:53,997 - INFO - [TRAIN][200/296] Loss=0.8202
2024-06-02 01:00:56,546 - INFO - [TRAIN][250/296] Loss=0.8113
2024-06-02 01:00:58,837 - INFO - [TRAIN][Epoch 1] Loss=0.7997, Acc=0.7228
class acc: [0.81       0.94555557 0.6844444  0.588      0.86       0.83166665
 0.39866668 0.98777777 0.43333334 0.6533333 ]
2024-06-02 01:01:01,187 - INFO - [VAL][Epoch 1] Loss=0.8395, Acc=0.7262
2024-06-02 01:01:01,340 - INFO - Epoch Time: 0:00:17
********************************************************************************
2024-06-02 01:01:01,341 - INFO - Epoch: 3/40
2024-06-02 01:01:01,524 - INFO - [TRAIN][0/296] Loss=0.9731
2024-06-02 01:01:04,070 - INFO - [TRAIN][50/296] Loss=0.7484
2024-06-02 01:01:06,612 - INFO - [TRAIN][100/296] Loss=0.7172
2024-06-02 01:01:09,163 - INFO - [TRAIN][150/296] Loss=0.7037
2024-06-02 01:01:11,708 - INFO - [TRAIN][200/296] Loss=0.6939
2024-06-02 01:01:14,259 - INFO - [TRAIN][250/296] Loss=0.6787
2024-06-02 01:01:16,555 - INFO - [TRAIN][Epoch 2] Loss=0.6617, Acc=0.7724
class acc: [0.84444445 0.8511111  0.8477778  0.61333334 0.13733333 0.805
 0.74666667 0.9766667  0.7826667  0.9633333 ]
2024-06-02 01:01:18,901 - INFO - [VAL][Epoch 2] Loss=0.6888, Acc=0.7689
2024-06-02 01:01:19,051 - INFO - Epoch Time: 0:00:17
********************************************************************************
2024-06-02 01:01:19,051 - INFO - Epoch: 4/40
2024-06-02 01:01:19,241 - INFO - [TRAIN][0/296] Loss=0.6321
2024-06-02 01:01:21,795 - INFO - [TRAIN][50/296] Loss=0.5371
2024-06-02 01:01:24,348 - INFO - [TRAIN][100/296] Loss=0.5389
2024-06-02 01:01:26,901 - INFO - [TRAIN][150/296] Loss=0.5330
2024-06-02 01:01:29,458 - INFO - [TRAIN][200/296] Loss=0.5212
2024-06-02 01:01:32,018 - INFO - [TRAIN][250/296] Loss=0.5200
2024-06-02 01:01:34,317 - INFO - [TRAIN][Epoch 3] Loss=0.5190, Acc=0.8220
class acc: [0.7366667  0.04       0.71666664 0.752      0.38933334 0.82
 0.73066664 0.96666664 0.49866667 0.28      ]
2024-06-02 01:01:36,673 - INFO - [VAL][Epoch 3] Loss=2.1541, Acc=0.5847
2024-06-02 01:01:36,673 - INFO - Epoch Time: 0:00:17
********************************************************************************
2024-06-02 01:01:36,673 - INFO - Epoch: 5/40
2024-06-02 01:01:36,845 - INFO - [TRAIN][0/296] Loss=0.7160
2024-06-02 01:01:39,402 - INFO - [TRAIN][50/296] Loss=0.4752
2024-06-02 01:01:41,963 - INFO - [TRAIN][100/296] Loss=0.4792
2024-06-02 01:01:44,526 - INFO - [TRAIN][150/296] Loss=0.4812
2024-06-02 01:01:47,086 - INFO - [TRAIN][200/296] Loss=0.4660
2024-06-02 01:01:49,648 - INFO - [TRAIN][250/296] Loss=0.4575
2024-06-02 01:01:51,955 - INFO - [TRAIN][Epoch 4] Loss=0.4543, Acc=0.8462
class acc: [0.8666667  0.8411111  0.8011111  0.74266666 0.928      0.865
 0.83466667 0.98777777 0.728      0.9577778 ]
2024-06-02 01:01:54,290 - INFO - [VAL][Epoch 4] Loss=0.4208, Acc=0.8584
2024-06-02 01:01:54,451 - INFO - Epoch Time: 0:00:17
********************************************************************************
2024-06-02 01:01:54,451 - INFO - Epoch: 6/40
2024-06-02 01:01:54,640 - INFO - [TRAIN][0/296] Loss=0.4972
2024-06-02 01:01:57,200 - INFO - [TRAIN][50/296] Loss=0.4181
2024-06-02 01:01:59,760 - INFO - [TRAIN][100/296] Loss=0.4163
2024-06-02 01:02:02,321 - INFO - [TRAIN][150/296] Loss=0.3993
2024-06-02 01:02:04,880 - INFO - [TRAIN][200/296] Loss=0.3970
2024-06-02 01:02:07,439 - INFO - [TRAIN][250/296] Loss=0.3964
2024-06-02 01:02:09,739 - INFO - [TRAIN][Epoch 5] Loss=0.3965, Acc=0.8675
class acc: [0.82666665 0.97444445 0.7922222  0.8013333  0.8066667  0.91
 0.88533336 1.         0.83466667 0.96444446]
2024-06-02 01:02:12,117 - INFO - [VAL][Epoch 5] Loss=0.3371, Acc=0.8820
2024-06-02 01:02:12,259 - INFO - Epoch Time: 0:00:17
********************************************************************************
2024-06-02 01:02:12,260 - INFO - Epoch: 7/40
2024-06-02 01:02:12,445 - INFO - [TRAIN][0/296] Loss=0.2315
2024-06-02 01:02:15,012 - INFO - [TRAIN][50/296] Loss=0.3533
2024-06-02 01:02:17,578 - INFO - [TRAIN][100/296] Loss=0.3561
2024-06-02 01:02:20,150 - INFO - [TRAIN][150/296] Loss=0.3665
2024-06-02 01:02:22,715 - INFO - [TRAIN][200/296] Loss=0.3653
2024-06-02 01:02:25,283 - INFO - [TRAIN][250/296] Loss=0.3634
2024-06-02 01:02:27,588 - INFO - [TRAIN][Epoch 6] Loss=0.3603, Acc=0.8805
class acc: [0.85555553 0.9766667  0.8244445  0.916      0.8693333  0.9533333
 0.812      0.99       0.86266667 0.91333336]
2024-06-02 01:02:29,958 - INFO - [VAL][Epoch 6] Loss=0.3048, Acc=0.8977
2024-06-02 01:02:30,103 - INFO - Epoch Time: 0:00:17
********************************************************************************
2024-06-02 01:02:30,104 - INFO - Epoch: 8/40
2024-06-02 01:02:30,298 - INFO - [TRAIN][0/296] Loss=0.3589
2024-06-02 01:02:32,863 - INFO - [TRAIN][50/296] Loss=0.3600
2024-06-02 01:02:35,430 - INFO - [TRAIN][100/296] Loss=0.3565
2024-06-02 01:02:37,994 - INFO - [TRAIN][150/296] Loss=0.3377
2024-06-02 01:02:40,560 - INFO - [TRAIN][200/296] Loss=0.3416
2024-06-02 01:02:43,124 - INFO - [TRAIN][250/296] Loss=0.3441
2024-06-02 01:02:45,433 - INFO - [TRAIN][Epoch 7] Loss=0.3372, Acc=0.8870
class acc: [0.89555556 0.9911111  0.8155556  0.908      0.96933335 0.91
 0.73866665 0.98888886 0.844      0.9633333 ]
2024-06-02 01:02:47,791 - INFO - [VAL][Epoch 7] Loss=0.2909, Acc=0.9049
2024-06-02 01:02:47,948 - INFO - Epoch Time: 0:00:17
********************************************************************************
2024-06-02 01:02:47,949 - INFO - Epoch: 9/40
2024-06-02 01:02:48,134 - INFO - [TRAIN][0/296] Loss=0.2385
2024-06-02 01:02:50,701 - INFO - [TRAIN][50/296] Loss=0.3214
2024-06-02 01:02:53,265 - INFO - [TRAIN][100/296] Loss=0.3165
2024-06-02 01:02:55,831 - INFO - [TRAIN][150/296] Loss=0.3143
2024-06-02 01:02:58,396 - INFO - [TRAIN][200/296] Loss=0.3055
2024-06-02 01:03:00,962 - INFO - [TRAIN][250/296] Loss=0.3110
2024-06-02 01:03:03,266 - INFO - [TRAIN][Epoch 8] Loss=0.3164, Acc=0.8930
class acc: [0.93       0.9766667  0.9011111  0.9493333  0.9306667  0.92333335
 0.772      0.9822222  0.8666667  0.96      ]
2024-06-02 01:03:05,599 - INFO - [VAL][Epoch 8] Loss=0.2318, Acc=0.9220
2024-06-02 01:03:05,754 - INFO - Epoch Time: 0:00:17
********************************************************************************
2024-06-02 01:03:05,754 - INFO - Epoch: 10/40
2024-06-02 01:03:05,939 - INFO - [TRAIN][0/296] Loss=0.2969
2024-06-02 01:03:08,504 - INFO - [TRAIN][50/296] Loss=0.3084
2024-06-02 01:03:11,069 - INFO - [TRAIN][100/296] Loss=0.2893
2024-06-02 01:03:13,632 - INFO - [TRAIN][150/296] Loss=0.2923
2024-06-02 01:03:16,198 - INFO - [TRAIN][200/296] Loss=0.3001
2024-06-02 01:03:18,762 - INFO - [TRAIN][250/296] Loss=0.3030
2024-06-02 01:03:21,069 - INFO - [TRAIN][Epoch 9] Loss=0.2967, Acc=0.8982
class acc: [0.8233333  0.9677778  0.87777776 0.84533334 0.9546667  0.98
 0.8333333  0.98444444 0.95066667 0.96      ]
2024-06-02 01:03:23,408 - INFO - [VAL][Epoch 9] Loss=0.2462, Acc=0.9170
2024-06-02 01:03:23,408 - INFO - Epoch Time: 0:00:17
********************************************************************************
2024-06-02 01:03:23,408 - INFO - Epoch: 11/40
2024-06-02 01:03:23,581 - INFO - [TRAIN][0/296] Loss=0.1525
2024-06-02 01:03:26,149 - INFO - [TRAIN][50/296] Loss=0.2624
2024-06-02 01:03:28,713 - INFO - [TRAIN][100/296] Loss=0.2864
2024-06-02 01:03:31,277 - INFO - [TRAIN][150/296] Loss=0.2863
2024-06-02 01:03:33,841 - INFO - [TRAIN][200/296] Loss=0.2813
2024-06-02 01:03:36,408 - INFO - [TRAIN][250/296] Loss=0.2764
2024-06-02 01:03:38,714 - INFO - [TRAIN][Epoch 10] Loss=0.2734, Acc=0.9085
class acc: [0.87777776 0.98333335 0.85       0.8426667  0.9946667  0.935
 0.91333336 0.91555554 0.96133333 0.93      ]
2024-06-02 01:03:41,066 - INFO - [VAL][Epoch 10] Loss=0.2468, Acc=0.9193
2024-06-02 01:03:41,067 - INFO - Epoch Time: 0:00:17
********************************************************************************
2024-06-02 01:03:41,067 - INFO - Epoch: 12/40
2024-06-02 01:03:41,247 - INFO - [TRAIN][0/296] Loss=0.2272
2024-06-02 01:03:43,815 - INFO - [TRAIN][50/296] Loss=0.2454
2024-06-02 01:03:46,382 - INFO - [TRAIN][100/296] Loss=0.2523
2024-06-02 01:03:48,948 - INFO - [TRAIN][150/296] Loss=0.2481
2024-06-02 01:03:51,514 - INFO - [TRAIN][200/296] Loss=0.2499
2024-06-02 01:03:54,080 - INFO - [TRAIN][250/296] Loss=0.2529
2024-06-02 01:03:56,387 - INFO - [TRAIN][Epoch 11] Loss=0.2556, Acc=0.9131
class acc: [0.82555556 0.99444443 0.9433333  0.908      0.956      0.9116667
 0.8466667  0.99222225 0.9306667  0.9444444 ]
2024-06-02 01:03:58,733 - INFO - [VAL][Epoch 11] Loss=0.2254, Acc=0.9269
2024-06-02 01:03:58,884 - INFO - Epoch Time: 0:00:17
********************************************************************************
2024-06-02 01:03:58,885 - INFO - Epoch: 13/40
2024-06-02 01:03:59,068 - INFO - [TRAIN][0/296] Loss=0.2646
2024-06-02 01:04:01,635 - INFO - [TRAIN][50/296] Loss=0.2423
2024-06-02 01:04:04,201 - INFO - [TRAIN][100/296] Loss=0.2352
2024-06-02 01:04:06,767 - INFO - [TRAIN][150/296] Loss=0.2329
2024-06-02 01:04:09,333 - INFO - [TRAIN][200/296] Loss=0.2312
2024-06-02 01:04:11,897 - INFO - [TRAIN][250/296] Loss=0.2445
2024-06-02 01:04:14,202 - INFO - [TRAIN][Epoch 12] Loss=0.2441, Acc=0.9203
class acc: [0.86777776 0.90555555 0.8844444  0.868      0.836      0.9
 0.868      0.99666667 0.956      0.93777776]
2024-06-02 01:04:16,549 - INFO - [VAL][Epoch 12] Loss=0.2811, Acc=0.9036
2024-06-02 01:04:16,549 - INFO - Epoch Time: 0:00:17
********************************************************************************
2024-06-02 01:04:16,549 - INFO - Epoch: 14/40
2024-06-02 01:04:16,722 - INFO - [TRAIN][0/296] Loss=0.3803
2024-06-02 01:04:19,289 - INFO - [TRAIN][50/296] Loss=0.2249
2024-06-02 01:04:21,854 - INFO - [TRAIN][100/296] Loss=0.2335
2024-06-02 01:04:24,420 - INFO - [TRAIN][150/296] Loss=0.2275
2024-06-02 01:04:26,987 - INFO - [TRAIN][200/296] Loss=0.2282
2024-06-02 01:04:29,553 - INFO - [TRAIN][250/296] Loss=0.2225
2024-06-02 01:04:31,861 - INFO - [TRAIN][Epoch 13] Loss=0.2282, Acc=0.9237
class acc: [0.8811111  0.9911111  0.9355556  0.792      0.996      0.905
 0.91066664 0.94666666 0.9533333  0.94666666]
2024-06-02 01:04:34,209 - INFO - [VAL][Epoch 13] Loss=0.2114, Acc=0.9275
2024-06-02 01:04:34,358 - INFO - Epoch Time: 0:00:17
********************************************************************************
2024-06-02 01:04:34,358 - INFO - Epoch: 15/40
2024-06-02 01:04:34,545 - INFO - [TRAIN][0/296] Loss=0.2249
2024-06-02 01:04:37,116 - INFO - [TRAIN][50/296] Loss=0.2030
2024-06-02 01:04:39,685 - INFO - [TRAIN][100/296] Loss=0.2184
2024-06-02 01:04:42,254 - INFO - [TRAIN][150/296] Loss=0.2198
2024-06-02 01:04:44,824 - INFO - [TRAIN][200/296] Loss=0.2200
2024-06-02 01:04:47,395 - INFO - [TRAIN][250/296] Loss=0.2215
2024-06-02 01:04:49,704 - INFO - [TRAIN][Epoch 14] Loss=0.2203, Acc=0.9250
class acc: [0.9444444  0.96666664 0.94222224 0.936      0.98933333 0.955
 0.89066666 0.9711111  0.9066667  0.96555555]
2024-06-02 01:04:52,052 - INFO - [VAL][Epoch 14] Loss=0.1554, Acc=0.9477
2024-06-02 01:04:52,196 - INFO - Epoch Time: 0:00:17
********************************************************************************
2024-06-02 01:04:52,196 - INFO - Epoch: 16/40
2024-06-02 01:04:52,379 - INFO - [TRAIN][0/296] Loss=0.1908
2024-06-02 01:04:54,947 - INFO - [TRAIN][50/296] Loss=0.2219
2024-06-02 01:04:57,516 - INFO - [TRAIN][100/296] Loss=0.2200
2024-06-02 01:05:00,084 - INFO - [TRAIN][150/296] Loss=0.2161
2024-06-02 01:05:02,652 - INFO - [TRAIN][200/296] Loss=0.2154
2024-06-02 01:05:05,222 - INFO - [TRAIN][250/296] Loss=0.2149
2024-06-02 01:05:07,531 - INFO - [TRAIN][Epoch 15] Loss=0.2177, Acc=0.9264
class acc: [0.94       0.9911111  0.8788889  0.78533334 0.91866666 0.96166664
 0.9        0.98777777 0.972      0.9355556 ]
2024-06-02 01:05:09,880 - INFO - [VAL][Epoch 15] Loss=0.2185, Acc=0.9283
2024-06-02 01:05:09,880 - INFO - Epoch Time: 0:00:17
********************************************************************************
2024-06-02 01:05:09,880 - INFO - Epoch: 17/40
2024-06-02 01:05:10,039 - INFO - [TRAIN][0/296] Loss=0.2076
2024-06-02 01:05:12,610 - INFO - [TRAIN][50/296] Loss=0.2317
2024-06-02 01:05:15,179 - INFO - [TRAIN][100/296] Loss=0.2054
2024-06-02 01:05:17,749 - INFO - [TRAIN][150/296] Loss=0.2043
2024-06-02 01:05:20,321 - INFO - [TRAIN][200/296] Loss=0.1988
2024-06-02 01:05:22,896 - INFO - [TRAIN][250/296] Loss=0.2021
2024-06-02 01:05:25,208 - INFO - [TRAIN][Epoch 16] Loss=0.2026, Acc=0.9320
class acc: [0.9255555  0.99       0.92333335 0.8986667  0.90533334 0.9433333
 0.9213333  0.99       0.94266665 0.94777775]
2024-06-02 01:05:27,576 - INFO - [VAL][Epoch 16] Loss=0.1758, Acc=0.9402
2024-06-02 01:05:27,576 - INFO - Epoch Time: 0:00:17
********************************************************************************
2024-06-02 01:05:27,576 - INFO - Epoch: 18/40
2024-06-02 01:05:27,741 - INFO - [TRAIN][0/296] Loss=0.2549
2024-06-02 01:05:30,311 - INFO - [TRAIN][50/296] Loss=0.1868
2024-06-02 01:05:32,880 - INFO - [TRAIN][100/296] Loss=0.1919
2024-06-02 01:05:35,449 - INFO - [TRAIN][150/296] Loss=0.1967
2024-06-02 01:05:38,021 - INFO - [TRAIN][200/296] Loss=0.1934
2024-06-02 01:05:40,592 - INFO - [TRAIN][250/296] Loss=0.1939
2024-06-02 01:05:42,903 - INFO - [TRAIN][Epoch 17] Loss=0.1918, Acc=0.9359
class acc: [0.9211111  0.9722222  0.86       0.9293333  0.9853333  0.93666667
 0.97066665 0.97       0.94533336 0.97333336]
2024-06-02 01:05:45,263 - INFO - [VAL][Epoch 17] Loss=0.1593, Acc=0.9459
2024-06-02 01:05:45,264 - INFO - Epoch Time: 0:00:17
********************************************************************************
2024-06-02 01:05:45,264 - INFO - Epoch: 19/40
2024-06-02 01:05:45,439 - INFO - [TRAIN][0/296] Loss=0.1315
2024-06-02 01:05:48,011 - INFO - [TRAIN][50/296] Loss=0.1885
2024-06-02 01:05:50,584 - INFO - [TRAIN][100/296] Loss=0.1835
2024-06-02 01:05:53,156 - INFO - [TRAIN][150/296] Loss=0.1845
2024-06-02 01:05:55,728 - INFO - [TRAIN][200/296] Loss=0.1921
2024-06-02 01:05:58,301 - INFO - [TRAIN][250/296] Loss=0.1924
2024-06-02 01:06:00,611 - INFO - [TRAIN][Epoch 18] Loss=0.1906, Acc=0.9354
class acc: [0.9111111  0.99333334 0.9433333  0.792      1.         0.965
 0.896      0.78       0.94       0.9522222 ]
2024-06-02 01:06:02,966 - INFO - [VAL][Epoch 18] Loss=0.2699, Acc=0.9163
2024-06-02 01:06:02,967 - INFO - Epoch Time: 0:00:17
********************************************************************************
2024-06-02 01:06:02,967 - INFO - Epoch: 20/40
2024-06-02 01:06:03,164 - INFO - [TRAIN][0/296] Loss=0.0735
2024-06-02 01:06:05,734 - INFO - [TRAIN][50/296] Loss=0.1905
2024-06-02 01:06:08,306 - INFO - [TRAIN][100/296] Loss=0.1798
2024-06-02 01:06:10,876 - INFO - [TRAIN][150/296] Loss=0.1890
2024-06-02 01:06:13,447 - INFO - [TRAIN][200/296] Loss=0.1810
2024-06-02 01:06:16,017 - INFO - [TRAIN][250/296] Loss=0.1853
2024-06-02 01:06:18,329 - INFO - [TRAIN][Epoch 19] Loss=0.1861, Acc=0.9379
class acc: [0.91555554 0.9911111  0.9588889  0.9213333  0.964      0.9683333
 0.85466665 0.99333334 0.93333334 0.95666665]
2024-06-02 01:06:20,678 - INFO - [VAL][Epoch 19] Loss=0.1636, Acc=0.9469
2024-06-02 01:06:20,678 - INFO - Epoch Time: 0:00:17
********************************************************************************
2024-06-02 01:06:20,678 - INFO - Epoch: 21/40
2024-06-02 01:06:20,853 - INFO - [TRAIN][0/296] Loss=0.1213
2024-06-02 01:06:23,425 - INFO - [TRAIN][50/296] Loss=0.1785
2024-06-02 01:06:25,997 - INFO - [TRAIN][100/296] Loss=0.1842
2024-06-02 01:06:28,570 - INFO - [TRAIN][150/296] Loss=0.1892
2024-06-02 01:06:31,143 - INFO - [TRAIN][200/296] Loss=0.1850
2024-06-02 01:06:33,716 - INFO - [TRAIN][250/296] Loss=0.1881
2024-06-02 01:06:36,025 - INFO - [TRAIN][Epoch 20] Loss=0.1841, Acc=0.9376
class acc: [0.95111114 0.9955556  0.9311111  0.9546667  0.96666664 0.92833334
 0.91333336 0.99222225 0.96533334 0.95555556]
2024-06-02 01:06:38,371 - INFO - [VAL][Epoch 20] Loss=0.1388, Acc=0.9568
2024-06-02 01:06:38,519 - INFO - Epoch Time: 0:00:17
********************************************************************************
2024-06-02 01:06:38,519 - INFO - Epoch: 22/40
2024-06-02 01:06:38,706 - INFO - [TRAIN][0/296] Loss=0.1467
2024-06-02 01:06:41,281 - INFO - [TRAIN][50/296] Loss=0.1615
2024-06-02 01:06:43,856 - INFO - [TRAIN][100/296] Loss=0.1698
2024-06-02 01:06:46,431 - INFO - [TRAIN][150/296] Loss=0.1705
2024-06-02 01:06:49,005 - INFO - [TRAIN][200/296] Loss=0.1754
2024-06-02 01:06:51,580 - INFO - [TRAIN][250/296] Loss=0.1755
2024-06-02 01:06:53,889 - INFO - [TRAIN][Epoch 21] Loss=0.1778, Acc=0.9388
class acc: [0.92       0.9866667  0.9355556  0.924      0.85066664 0.9266667
 0.956      0.99       0.9533333  0.96444446]
2024-06-02 01:06:56,237 - INFO - [VAL][Epoch 21] Loss=0.1730, Acc=0.9427
2024-06-02 01:06:56,237 - INFO - Epoch Time: 0:00:17
********************************************************************************
2024-06-02 01:06:56,238 - INFO - Epoch: 23/40
2024-06-02 01:06:56,410 - INFO - [TRAIN][0/296] Loss=0.0712
2024-06-02 01:06:58,982 - INFO - [TRAIN][50/296] Loss=0.1903
2024-06-02 01:07:01,553 - INFO - [TRAIN][100/296] Loss=0.1877
2024-06-02 01:07:04,128 - INFO - [TRAIN][150/296] Loss=0.1796
2024-06-02 01:07:06,704 - INFO - [TRAIN][200/296] Loss=0.1785
2024-06-02 01:07:09,282 - INFO - [TRAIN][250/296] Loss=0.1744
2024-06-02 01:07:11,597 - INFO - [TRAIN][Epoch 22] Loss=0.1751, Acc=0.9410
class acc: [0.91888887 0.99333334 0.88222224 0.96933335 0.93866664 0.9683333
 0.9346667  0.99666667 0.84933335 0.96444446]
2024-06-02 01:07:13,953 - INFO - [VAL][Epoch 22] Loss=0.1986, Acc=0.9420
2024-06-02 01:07:13,953 - INFO - Epoch Time: 0:00:17
********************************************************************************
2024-06-02 01:07:13,953 - INFO - Epoch: 24/40
2024-06-02 01:07:14,131 - INFO - [TRAIN][0/296] Loss=0.0953
2024-06-02 01:07:16,710 - INFO - [TRAIN][50/296] Loss=0.1745
2024-06-02 01:07:19,290 - INFO - [TRAIN][100/296] Loss=0.1775
2024-06-02 01:07:21,869 - INFO - [TRAIN][150/296] Loss=0.1693
2024-06-02 01:07:24,449 - INFO - [TRAIN][200/296] Loss=0.1699
2024-06-02 01:07:27,027 - INFO - [TRAIN][250/296] Loss=0.1697
2024-06-02 01:07:29,347 - INFO - [TRAIN][Epoch 23] Loss=0.1710, Acc=0.9436
class acc: [0.8988889  0.9711111  0.9822222  0.8613333  0.98933333 0.9066667
 0.892      0.98333335 0.98       0.98444444]
2024-06-02 01:07:31,706 - INFO - [VAL][Epoch 23] Loss=0.1549, Acc=0.9474
2024-06-02 01:07:31,706 - INFO - Epoch Time: 0:00:17
********************************************************************************
2024-06-02 01:07:31,707 - INFO - Epoch: 25/40
2024-06-02 01:07:31,910 - INFO - [TRAIN][0/296] Loss=0.1465
2024-06-02 01:07:34,491 - INFO - [TRAIN][50/296] Loss=0.1658
2024-06-02 01:07:37,073 - INFO - [TRAIN][100/296] Loss=0.1593
2024-06-02 01:07:39,654 - INFO - [TRAIN][150/296] Loss=0.1600
2024-06-02 01:07:42,238 - INFO - [TRAIN][200/296] Loss=0.1586
2024-06-02 01:07:44,821 - INFO - [TRAIN][250/296] Loss=0.1588
2024-06-02 01:07:47,139 - INFO - [TRAIN][Epoch 24] Loss=0.1593, Acc=0.9476
class acc: [0.9411111  0.99444443 0.95       0.976      0.968      0.9583333
 0.928      0.9866667  0.95066667 0.94777775]
2024-06-02 01:07:49,501 - INFO - [VAL][Epoch 24] Loss=0.1200, Acc=0.9605
2024-06-02 01:07:49,654 - INFO - Epoch Time: 0:00:17
********************************************************************************
2024-06-02 01:07:49,654 - INFO - Epoch: 26/40
2024-06-02 01:07:49,843 - INFO - [TRAIN][0/296] Loss=0.2608
2024-06-02 01:07:52,424 - INFO - [TRAIN][50/296] Loss=0.1528
2024-06-02 01:07:55,005 - INFO - [TRAIN][100/296] Loss=0.1593
2024-06-02 01:07:57,583 - INFO - [TRAIN][150/296] Loss=0.1593
2024-06-02 01:08:00,163 - INFO - [TRAIN][200/296] Loss=0.1587
2024-06-02 01:08:02,744 - INFO - [TRAIN][250/296] Loss=0.1586
2024-06-02 01:08:05,063 - INFO - [TRAIN][Epoch 25] Loss=0.1567, Acc=0.9462
class acc: [0.9166667  0.9688889  0.93       0.9546667  0.96133333 0.96166664
 0.9533333  0.9955556  0.924      0.95444447]
2024-06-02 01:08:07,423 - INFO - [VAL][Epoch 25] Loss=0.1454, Acc=0.9520
2024-06-02 01:08:07,423 - INFO - Epoch Time: 0:00:17
********************************************************************************
2024-06-02 01:08:07,423 - INFO - Epoch: 27/40
2024-06-02 01:08:07,591 - INFO - [TRAIN][0/296] Loss=0.1297
2024-06-02 01:08:10,174 - INFO - [TRAIN][50/296] Loss=0.1510
2024-06-02 01:08:12,755 - INFO - [TRAIN][100/296] Loss=0.1522
2024-06-02 01:08:15,339 - INFO - [TRAIN][150/296] Loss=0.1515
2024-06-02 01:08:17,926 - INFO - [TRAIN][200/296] Loss=0.1519
2024-06-02 01:08:20,510 - INFO - [TRAIN][250/296] Loss=0.1527
2024-06-02 01:08:22,830 - INFO - [TRAIN][Epoch 26] Loss=0.1525, Acc=0.9478
class acc: [0.9711111  0.9911111  0.9711111  0.9626667  0.98933333 0.925
 0.8613333  0.97333336 0.9533333  0.95555556]
2024-06-02 01:08:25,197 - INFO - [VAL][Epoch 26] Loss=0.1291, Acc=0.9575
2024-06-02 01:08:25,197 - INFO - Epoch Time: 0:00:17
********************************************************************************
2024-06-02 01:08:25,197 - INFO - Epoch: 28/40
2024-06-02 01:08:25,371 - INFO - [TRAIN][0/296] Loss=0.0301
2024-06-02 01:08:27,952 - INFO - [TRAIN][50/296] Loss=0.1546
2024-06-02 01:08:30,536 - INFO - [TRAIN][100/296] Loss=0.1445
2024-06-02 01:08:33,118 - INFO - [TRAIN][150/296] Loss=0.1462
2024-06-02 01:08:35,702 - INFO - [TRAIN][200/296] Loss=0.1466
2024-06-02 01:08:38,284 - INFO - [TRAIN][250/296] Loss=0.1494
2024-06-02 01:08:40,604 - INFO - [TRAIN][Epoch 27] Loss=0.1488, Acc=0.9502
class acc: [0.96555555 0.98       0.9344444  0.968      0.98933333 0.8933333
 0.91866666 0.9777778  0.944      0.9688889 ]
2024-06-02 01:08:42,953 - INFO - [VAL][Epoch 27] Loss=0.1366, Acc=0.9562
2024-06-02 01:08:42,953 - INFO - Epoch Time: 0:00:17
********************************************************************************
2024-06-02 01:08:42,953 - INFO - Epoch: 29/40
2024-06-02 01:08:43,113 - INFO - [TRAIN][0/296] Loss=0.2213
2024-06-02 01:08:45,702 - INFO - [TRAIN][50/296] Loss=0.1494
2024-06-02 01:08:48,286 - INFO - [TRAIN][100/296] Loss=0.1492
2024-06-02 01:08:50,870 - INFO - [TRAIN][150/296] Loss=0.1488
2024-06-02 01:08:53,454 - INFO - [TRAIN][200/296] Loss=0.1454
2024-06-02 01:08:56,039 - INFO - [TRAIN][250/296] Loss=0.1483
2024-06-02 01:08:58,367 - INFO - [TRAIN][Epoch 28] Loss=0.1473, Acc=0.9504
class acc: [0.92777777 0.96       0.91       0.88533336 0.9946667  0.98333335
 0.928      0.9722222  0.964      0.9866667 ]
2024-06-02 01:09:00,758 - INFO - [VAL][Epoch 28] Loss=0.1623, Acc=0.9506
2024-06-02 01:09:00,758 - INFO - Epoch Time: 0:00:17
********************************************************************************
2024-06-02 01:09:00,758 - INFO - Epoch: 30/40
2024-06-02 01:09:00,929 - INFO - [TRAIN][0/296] Loss=0.1152
2024-06-02 01:09:03,546 - INFO - [TRAIN][50/296] Loss=0.1450
2024-06-02 01:09:06,163 - INFO - [TRAIN][100/296] Loss=0.1428
2024-06-02 01:09:08,776 - INFO - [TRAIN][150/296] Loss=0.1409
2024-06-02 01:09:11,391 - INFO - [TRAIN][200/296] Loss=0.1425
2024-06-02 01:09:14,004 - INFO - [TRAIN][250/296] Loss=0.1435
2024-06-02 01:09:16,350 - INFO - [TRAIN][Epoch 29] Loss=0.1440, Acc=0.9503
class acc: [0.9388889  0.9866667  0.96666664 0.964      0.9866667  0.95666665
 0.96933335 0.97888887 0.972      0.95111114]
2024-06-02 01:09:18,726 - INFO - [VAL][Epoch 29] Loss=0.0997, Acc=0.9670
2024-06-02 01:09:18,877 - INFO - Epoch Time: 0:00:18
********************************************************************************
2024-06-02 01:09:18,878 - INFO - Epoch: 31/40
2024-06-02 01:09:19,063 - INFO - [TRAIN][0/296] Loss=0.1071
2024-06-02 01:09:21,659 - INFO - [TRAIN][50/296] Loss=0.1284
2024-06-02 01:09:24,253 - INFO - [TRAIN][100/296] Loss=0.1293
2024-06-02 01:09:26,847 - INFO - [TRAIN][150/296] Loss=0.1319
2024-06-02 01:09:29,440 - INFO - [TRAIN][200/296] Loss=0.1344
2024-06-02 01:09:32,033 - INFO - [TRAIN][250/296] Loss=0.1362
2024-06-02 01:09:34,360 - INFO - [TRAIN][Epoch 30] Loss=0.1380, Acc=0.9547
class acc: [0.94666666 0.97333336 0.94222224 0.94133335 0.996      0.9533333
 0.956      0.95       0.96933335 0.9822222 ]
2024-06-02 01:09:36,728 - INFO - [VAL][Epoch 30] Loss=0.1169, Acc=0.9610
2024-06-02 01:09:36,728 - INFO - Epoch Time: 0:00:17
********************************************************************************
2024-06-02 01:09:36,728 - INFO - Epoch: 32/40
2024-06-02 01:09:36,899 - INFO - [TRAIN][0/296] Loss=0.1235
2024-06-02 01:09:39,481 - INFO - [TRAIN][50/296] Loss=0.1256
2024-06-02 01:09:42,059 - INFO - [TRAIN][100/296] Loss=0.1309
2024-06-02 01:09:44,638 - INFO - [TRAIN][150/296] Loss=0.1354
2024-06-02 01:09:47,219 - INFO - [TRAIN][200/296] Loss=0.1389
2024-06-02 01:09:49,799 - INFO - [TRAIN][250/296] Loss=0.1369
2024-06-02 01:09:52,114 - INFO - [TRAIN][Epoch 31] Loss=0.1376, Acc=0.9534
class acc: [0.93       0.99333334 0.95444447 0.916      0.9906667  0.96166664
 0.93866664 0.99       0.956      0.97444445]
2024-06-02 01:09:54,473 - INFO - [VAL][Epoch 31] Loss=0.1214, Acc=0.9612
2024-06-02 01:09:54,473 - INFO - Epoch Time: 0:00:17
********************************************************************************
2024-06-02 01:09:54,473 - INFO - Epoch: 33/40
2024-06-02 01:09:54,641 - INFO - [TRAIN][0/296] Loss=0.1088
2024-06-02 01:09:57,222 - INFO - [TRAIN][50/296] Loss=0.1499
2024-06-02 01:09:59,800 - INFO - [TRAIN][100/296] Loss=0.1462
2024-06-02 01:10:02,378 - INFO - [TRAIN][150/296] Loss=0.1439
2024-06-02 01:10:04,956 - INFO - [TRAIN][200/296] Loss=0.1405
2024-06-02 01:10:07,534 - INFO - [TRAIN][250/296] Loss=0.1413
2024-06-02 01:10:09,849 - INFO - [TRAIN][Epoch 32] Loss=0.1395, Acc=0.9527
class acc: [0.9722222  0.99666667 0.94555557 0.94       0.9826667  0.92333335
 0.9266667  0.98777777 0.9586667  0.9522222 ]
2024-06-02 01:10:12,204 - INFO - [VAL][Epoch 32] Loss=0.1080, Acc=0.9604
2024-06-02 01:10:12,205 - INFO - Epoch Time: 0:00:17
********************************************************************************
2024-06-02 01:10:12,205 - INFO - Epoch: 34/40
2024-06-02 01:10:12,380 - INFO - [TRAIN][0/296] Loss=0.0809
2024-06-02 01:10:14,965 - INFO - [TRAIN][50/296] Loss=0.1338
2024-06-02 01:10:17,549 - INFO - [TRAIN][100/296] Loss=0.1440
2024-06-02 01:10:20,127 - INFO - [TRAIN][150/296] Loss=0.1409
2024-06-02 01:10:22,702 - INFO - [TRAIN][200/296] Loss=0.1420
2024-06-02 01:10:25,279 - INFO - [TRAIN][250/296] Loss=0.1443
2024-06-02 01:10:27,595 - INFO - [TRAIN][Epoch 33] Loss=0.1408, Acc=0.9533
class acc: [0.94555557 0.99       0.9577778  0.944      0.944      0.93833333
 0.95066667 0.99333334 0.988      0.9622222 ]
2024-06-02 01:10:29,967 - INFO - [VAL][Epoch 33] Loss=0.1089, Acc=0.9626
2024-06-02 01:10:29,967 - INFO - Epoch Time: 0:00:17
********************************************************************************
2024-06-02 01:10:29,967 - INFO - Epoch: 35/40
2024-06-02 01:10:30,145 - INFO - [TRAIN][0/296] Loss=0.1110
2024-06-02 01:10:32,725 - INFO - [TRAIN][50/296] Loss=0.1163
2024-06-02 01:10:35,307 - INFO - [TRAIN][100/296] Loss=0.1357
2024-06-02 01:10:37,892 - INFO - [TRAIN][150/296] Loss=0.1271
2024-06-02 01:10:40,472 - INFO - [TRAIN][200/296] Loss=0.1335
2024-06-02 01:10:43,053 - INFO - [TRAIN][250/296] Loss=0.1332
2024-06-02 01:10:45,372 - INFO - [TRAIN][Epoch 34] Loss=0.1306, Acc=0.9549
class acc: [0.9444444  0.99222225 0.95       0.928      0.88133335 0.955
 0.94533336 1.         0.96533334 0.9711111 ]
2024-06-02 01:10:47,724 - INFO - [VAL][Epoch 34] Loss=0.1412, Acc=0.9549
2024-06-02 01:10:47,724 - INFO - Epoch Time: 0:00:17
********************************************************************************
2024-06-02 01:10:47,725 - INFO - Epoch: 36/40
2024-06-02 01:10:47,902 - INFO - [TRAIN][0/296] Loss=0.0470
2024-06-02 01:10:50,485 - INFO - [TRAIN][50/296] Loss=0.1173
2024-06-02 01:10:53,066 - INFO - [TRAIN][100/296] Loss=0.1173
2024-06-02 01:10:55,644 - INFO - [TRAIN][150/296] Loss=0.1117
2024-06-02 01:10:58,223 - INFO - [TRAIN][200/296] Loss=0.1107
2024-06-02 01:11:00,803 - INFO - [TRAIN][250/296] Loss=0.1182
2024-06-02 01:11:03,119 - INFO - [TRAIN][Epoch 35] Loss=0.1224, Acc=0.9591
class acc: [0.9722222  0.98888886 0.9588889  0.964      0.91866666 0.96
 0.932      0.9955556  0.96       0.9611111 ]
2024-06-02 01:11:05,482 - INFO - [VAL][Epoch 35] Loss=0.1144, Acc=0.9625
2024-06-02 01:11:05,482 - INFO - Epoch Time: 0:00:17
********************************************************************************
2024-06-02 01:11:05,482 - INFO - Epoch: 37/40
2024-06-02 01:11:05,660 - INFO - [TRAIN][0/296] Loss=0.2155
2024-06-02 01:11:08,240 - INFO - [TRAIN][50/296] Loss=0.1332
2024-06-02 01:11:10,820 - INFO - [TRAIN][100/296] Loss=0.1385
2024-06-02 01:11:13,399 - INFO - [TRAIN][150/296] Loss=0.1356
2024-06-02 01:11:15,978 - INFO - [TRAIN][200/296] Loss=0.1385
2024-06-02 01:11:18,557 - INFO - [TRAIN][250/296] Loss=0.1363
2024-06-02 01:11:20,873 - INFO - [TRAIN][Epoch 36] Loss=0.1366, Acc=0.9554
class acc: [0.95444447 0.9711111  0.9611111  0.928      0.96933335 0.965
 0.888      0.9911111  0.976      0.98888886]
2024-06-02 01:11:23,242 - INFO - [VAL][Epoch 36] Loss=0.1115, Acc=0.9605
2024-06-02 01:11:23,243 - INFO - Epoch Time: 0:00:17
********************************************************************************
2024-06-02 01:11:23,243 - INFO - Epoch: 38/40
2024-06-02 01:11:23,420 - INFO - [TRAIN][0/296] Loss=0.1706
2024-06-02 01:11:26,002 - INFO - [TRAIN][50/296] Loss=0.1465
2024-06-02 01:11:28,584 - INFO - [TRAIN][100/296] Loss=0.1376
2024-06-02 01:11:31,165 - INFO - [TRAIN][150/296] Loss=0.1326
2024-06-02 01:11:33,745 - INFO - [TRAIN][200/296] Loss=0.1317
2024-06-02 01:11:36,327 - INFO - [TRAIN][250/296] Loss=0.1311
2024-06-02 01:11:38,646 - INFO - [TRAIN][Epoch 37] Loss=0.1298, Acc=0.9578
class acc: [0.93       0.99666667 0.95111114 0.956      0.9946667  0.9583333
 0.94266665 0.9677778  0.976      0.96555555]
2024-06-02 01:11:41,004 - INFO - [VAL][Epoch 37] Loss=0.1161, Acc=0.9638
2024-06-02 01:11:41,004 - INFO - Epoch Time: 0:00:17
********************************************************************************
2024-06-02 01:11:41,004 - INFO - Epoch: 39/40
2024-06-02 01:11:41,169 - INFO - [TRAIN][0/296] Loss=0.0943
2024-06-02 01:11:43,755 - INFO - [TRAIN][50/296] Loss=0.1124
2024-06-02 01:11:46,340 - INFO - [TRAIN][100/296] Loss=0.1223
2024-06-02 01:11:48,928 - INFO - [TRAIN][150/296] Loss=0.1210
2024-06-02 01:11:51,508 - INFO - [TRAIN][200/296] Loss=0.1231
2024-06-02 01:11:54,086 - INFO - [TRAIN][250/296] Loss=0.1248
2024-06-02 01:11:56,400 - INFO - [TRAIN][Epoch 38] Loss=0.1240, Acc=0.9591
class acc: [0.97444445 0.99777776 0.93333334 0.96       0.99333334 0.96166664
 0.952      0.96666664 0.96133333 0.97444445]
2024-06-02 01:11:58,765 - INFO - [VAL][Epoch 38] Loss=0.1013, Acc=0.9678
2024-06-02 01:11:58,916 - INFO - Epoch Time: 0:00:17
********************************************************************************
2024-06-02 01:11:58,917 - INFO - Epoch: 40/40
2024-06-02 01:11:59,115 - INFO - [TRAIN][0/296] Loss=0.0902
2024-06-02 01:12:01,696 - INFO - [TRAIN][50/296] Loss=0.1222
2024-06-02 01:12:04,274 - INFO - [TRAIN][100/296] Loss=0.1211
2024-06-02 01:12:06,852 - INFO - [TRAIN][150/296] Loss=0.1191
2024-06-02 01:12:09,431 - INFO - [TRAIN][200/296] Loss=0.1203
2024-06-02 01:12:12,011 - INFO - [TRAIN][250/296] Loss=0.1210
2024-06-02 01:12:14,328 - INFO - [TRAIN][Epoch 39] Loss=0.1241, Acc=0.9583
class acc: [0.9411111  0.97333336 0.9444444  0.93866664 0.9866667  0.9483333
 0.956      0.99       0.97866666 0.9633333 ]
2024-06-02 01:12:16,682 - INFO - [VAL][Epoch 39] Loss=0.1187, Acc=0.9623
2024-06-02 01:12:16,682 - INFO - Epoch Time: 0:00:17
****************************************************************************************************
2024-06-02 01:12:17,030 - INFO - Best Acc: 0.9677777777777778
