model config: {
    "batch_size": 64,
    "data_dir": "/home/stu6/EuroSAT_PRML24/Task_A",
    "input_size": 64,
    "num_epochs": 40,
    "lr": 0.01,
    "momentum": 0.9,
    "work_dir": "../TaskA/2024-06-01-15:43:12",
    "save_model": true
}
********************************************************************************
2024-06-01 15:43:12,902 - INFO - Epoch: 1/40
2024-06-01 15:43:13,350 - INFO - [TRAIN][0/296] Loss=2.2512
2024-06-01 15:43:15,873 - INFO - [TRAIN][50/296] Loss=1.4508
2024-06-01 15:43:18,380 - INFO - [TRAIN][100/296] Loss=1.3741
2024-06-01 15:43:20,889 - INFO - [TRAIN][150/296] Loss=1.3068
2024-06-01 15:43:23,407 - INFO - [TRAIN][200/296] Loss=1.2476
2024-06-01 15:43:25,926 - INFO - [TRAIN][250/296] Loss=1.2037
2024-06-01 15:43:28,264 - INFO - [TRAIN][Epoch 0] Loss=1.1657, Acc=0.5925
class acc: [0.57666665 0.88       0.40333334 0.42133334 0.888      0.82
 0.67733335 0.98333335 0.59466666 0.74777776]
2024-06-01 15:43:30,602 - INFO - [VAL][Epoch 0] Loss=0.8569, Acc=0.6988
2024-06-01 15:43:30,674 - INFO - Epoch Time: 0:00:17
********************************************************************************
2024-06-01 15:43:30,675 - INFO - Epoch: 2/40
2024-06-01 15:43:30,845 - INFO - [TRAIN][0/296] Loss=0.6443
2024-06-01 15:43:33,370 - INFO - [TRAIN][50/296] Loss=0.8924
2024-06-01 15:43:35,895 - INFO - [TRAIN][100/296] Loss=0.9178
2024-06-01 15:43:38,421 - INFO - [TRAIN][150/296] Loss=0.8907
2024-06-01 15:43:40,949 - INFO - [TRAIN][200/296] Loss=0.8756
2024-06-01 15:43:43,484 - INFO - [TRAIN][250/296] Loss=0.8578
2024-06-01 15:43:45,766 - INFO - [TRAIN][Epoch 1] Loss=0.8492, Acc=0.7013
class acc: [0.74333334 0.88666666 0.54555553 0.632      0.9493333  0.93
 0.7413333  0.9166667  0.532      0.69222224]
2024-06-01 15:43:48,080 - INFO - [VAL][Epoch 1] Loss=0.7028, Acc=0.7537
2024-06-01 15:43:48,221 - INFO - Epoch Time: 0:00:17
********************************************************************************
2024-06-01 15:43:48,222 - INFO - Epoch: 3/40
2024-06-01 15:43:48,403 - INFO - [TRAIN][0/296] Loss=0.7370
2024-06-01 15:43:50,948 - INFO - [TRAIN][50/296] Loss=0.7474
2024-06-01 15:43:53,492 - INFO - [TRAIN][100/296] Loss=0.7333
2024-06-01 15:43:56,037 - INFO - [TRAIN][150/296] Loss=0.7183
2024-06-01 15:43:58,582 - INFO - [TRAIN][200/296] Loss=0.7156
2024-06-01 15:44:01,128 - INFO - [TRAIN][250/296] Loss=0.6997
2024-06-01 15:44:03,414 - INFO - [TRAIN][Epoch 2] Loss=0.6890, Acc=0.7593
class acc: [0.73777777 0.2711111  0.6255556  0.44       0.932      0.825
 0.76266664 0.98333335 0.82       0.9355556 ]
2024-06-01 15:44:05,727 - INFO - [VAL][Epoch 2] Loss=0.7910, Acc=0.7295
2024-06-01 15:44:05,727 - INFO - Epoch Time: 0:00:17
********************************************************************************
2024-06-01 15:44:05,727 - INFO - Epoch: 4/40
2024-06-01 15:44:05,894 - INFO - [TRAIN][0/296] Loss=0.8223
2024-06-01 15:44:08,443 - INFO - [TRAIN][50/296] Loss=0.6128
2024-06-01 15:44:10,992 - INFO - [TRAIN][100/296] Loss=0.5927
2024-06-01 15:44:13,545 - INFO - [TRAIN][150/296] Loss=0.5945
2024-06-01 15:44:16,098 - INFO - [TRAIN][200/296] Loss=0.5825
2024-06-01 15:44:18,653 - INFO - [TRAIN][250/296] Loss=0.5698
2024-06-01 15:44:20,948 - INFO - [TRAIN][Epoch 3] Loss=0.5603, Acc=0.8114
class acc: [0.7111111  0.8977778  0.71       0.87866664 0.9213333  0.645
 0.748      0.89555556 0.688      0.9533333 ]
2024-06-01 15:44:23,277 - INFO - [VAL][Epoch 3] Loss=0.5542, Acc=0.8105
2024-06-01 15:44:23,430 - INFO - Epoch Time: 0:00:17
********************************************************************************
2024-06-01 15:44:23,430 - INFO - Epoch: 5/40
2024-06-01 15:44:23,614 - INFO - [TRAIN][0/296] Loss=0.3441
2024-06-01 15:44:26,175 - INFO - [TRAIN][50/296] Loss=0.4672
2024-06-01 15:44:28,734 - INFO - [TRAIN][100/296] Loss=0.4996
2024-06-01 15:44:31,295 - INFO - [TRAIN][150/296] Loss=0.4882
2024-06-01 15:44:33,855 - INFO - [TRAIN][200/296] Loss=0.4839
2024-06-01 15:44:36,417 - INFO - [TRAIN][250/296] Loss=0.4829
2024-06-01 15:44:38,716 - INFO - [TRAIN][Epoch 4] Loss=0.4741, Acc=0.8422
class acc: [0.71444446 0.95555556 0.8577778  0.8893333  0.97466666 0.6566667
 0.6933333  0.9211111  0.7733333  0.91      ]
2024-06-01 15:44:41,053 - INFO - [VAL][Epoch 4] Loss=0.4518, Acc=0.8414
2024-06-01 15:44:41,205 - INFO - Epoch Time: 0:00:17
********************************************************************************
2024-06-01 15:44:41,206 - INFO - Epoch: 6/40
2024-06-01 15:44:41,404 - INFO - [TRAIN][0/296] Loss=0.4386
2024-06-01 15:44:43,964 - INFO - [TRAIN][50/296] Loss=0.4617
2024-06-01 15:44:46,526 - INFO - [TRAIN][100/296] Loss=0.4303
2024-06-01 15:44:49,088 - INFO - [TRAIN][150/296] Loss=0.4163
2024-06-01 15:44:51,651 - INFO - [TRAIN][200/296] Loss=0.4175
2024-06-01 15:44:54,213 - INFO - [TRAIN][250/296] Loss=0.4182
2024-06-01 15:44:56,516 - INFO - [TRAIN][Epoch 5] Loss=0.4122, Acc=0.8603
class acc: [0.8        0.95444447 0.7922222  0.84       0.9773333  0.97833335
 0.768      0.96555555 0.8693333  0.91444445]
2024-06-01 15:44:58,849 - INFO - [VAL][Epoch 5] Loss=0.3577, Acc=0.8842
2024-06-01 15:44:59,003 - INFO - Epoch Time: 0:00:17
********************************************************************************
2024-06-01 15:44:59,003 - INFO - Epoch: 7/40
2024-06-01 15:44:59,186 - INFO - [TRAIN][0/296] Loss=0.4589
2024-06-01 15:45:01,751 - INFO - [TRAIN][50/296] Loss=0.3716
2024-06-01 15:45:04,313 - INFO - [TRAIN][100/296] Loss=0.3711
2024-06-01 15:45:06,877 - INFO - [TRAIN][150/296] Loss=0.3618
2024-06-01 15:45:09,439 - INFO - [TRAIN][200/296] Loss=0.3599
2024-06-01 15:45:12,002 - INFO - [TRAIN][250/296] Loss=0.3576
2024-06-01 15:45:14,306 - INFO - [TRAIN][Epoch 6] Loss=0.3512, Acc=0.8790
class acc: [0.8888889  0.98888886 0.88222224 0.76266664 0.44266668 0.9116667
 0.8066667  0.9822222  0.932      0.95666665]
2024-06-01 15:45:16,638 - INFO - [VAL][Epoch 6] Loss=0.5379, Acc=0.8622
2024-06-01 15:45:16,638 - INFO - Epoch Time: 0:00:17
********************************************************************************
2024-06-01 15:45:16,638 - INFO - Epoch: 8/40
2024-06-01 15:45:16,817 - INFO - [TRAIN][0/296] Loss=0.7523
2024-06-01 15:45:19,380 - INFO - [TRAIN][50/296] Loss=0.3425
2024-06-01 15:45:21,942 - INFO - [TRAIN][100/296] Loss=0.3288
2024-06-01 15:45:24,503 - INFO - [TRAIN][150/296] Loss=0.3283
2024-06-01 15:45:27,067 - INFO - [TRAIN][200/296] Loss=0.3294
2024-06-01 15:45:29,629 - INFO - [TRAIN][250/296] Loss=0.3294
2024-06-01 15:45:31,930 - INFO - [TRAIN][Epoch 7] Loss=0.3251, Acc=0.8891
class acc: [0.83444446 0.8922222  0.81333333 0.87733334 0.928      0.95
 0.9213333  0.98888886 0.844      0.92333335]
2024-06-01 15:45:34,266 - INFO - [VAL][Epoch 7] Loss=0.3161, Acc=0.8957
2024-06-01 15:45:34,409 - INFO - Epoch Time: 0:00:17
********************************************************************************
2024-06-01 15:45:34,409 - INFO - Epoch: 9/40
2024-06-01 15:45:34,605 - INFO - [TRAIN][0/296] Loss=0.3744
2024-06-01 15:45:37,170 - INFO - [TRAIN][50/296] Loss=0.3142
2024-06-01 15:45:39,735 - INFO - [TRAIN][100/296] Loss=0.3158
2024-06-01 15:45:42,299 - INFO - [TRAIN][150/296] Loss=0.3131
2024-06-01 15:45:44,861 - INFO - [TRAIN][200/296] Loss=0.3045
2024-06-01 15:45:47,425 - INFO - [TRAIN][250/296] Loss=0.2995
2024-06-01 15:45:49,727 - INFO - [TRAIN][Epoch 8] Loss=0.3001, Acc=0.9005
class acc: [0.8833333  0.9866667  0.9011111  0.768      0.988      0.9683333
 0.83066666 0.95       0.9306667  0.9355556 ]
2024-06-01 15:45:52,083 - INFO - [VAL][Epoch 8] Loss=0.2784, Acc=0.9148
2024-06-01 15:45:52,239 - INFO - Epoch Time: 0:00:17
********************************************************************************
2024-06-01 15:45:52,239 - INFO - Epoch: 10/40
2024-06-01 15:45:52,445 - INFO - [TRAIN][0/296] Loss=0.5788
2024-06-01 15:45:55,010 - INFO - [TRAIN][50/296] Loss=0.3072
2024-06-01 15:45:57,573 - INFO - [TRAIN][100/296] Loss=0.2903
2024-06-01 15:46:00,139 - INFO - [TRAIN][150/296] Loss=0.2901
2024-06-01 15:46:02,703 - INFO - [TRAIN][200/296] Loss=0.2855
2024-06-01 15:46:05,269 - INFO - [TRAIN][250/296] Loss=0.2891
2024-06-01 15:46:07,571 - INFO - [TRAIN][Epoch 9] Loss=0.2858, Acc=0.9035
class acc: [0.9166667  0.9777778  0.85444444 0.85466665 0.9946667  0.97833335
 0.8893333  0.95555556 0.87866664 0.97888887]
2024-06-01 15:46:09,897 - INFO - [VAL][Epoch 9] Loss=0.2202, Acc=0.9278
2024-06-01 15:46:10,042 - INFO - Epoch Time: 0:00:17
********************************************************************************
2024-06-01 15:46:10,042 - INFO - Epoch: 11/40
2024-06-01 15:46:10,228 - INFO - [TRAIN][0/296] Loss=0.3022
2024-06-01 15:46:12,793 - INFO - [TRAIN][50/296] Loss=0.2637
2024-06-01 15:46:15,357 - INFO - [TRAIN][100/296] Loss=0.2604
2024-06-01 15:46:17,921 - INFO - [TRAIN][150/296] Loss=0.2570
2024-06-01 15:46:20,485 - INFO - [TRAIN][200/296] Loss=0.2591
2024-06-01 15:46:23,050 - INFO - [TRAIN][250/296] Loss=0.2574
2024-06-01 15:46:25,351 - INFO - [TRAIN][Epoch 10] Loss=0.2625, Acc=0.9129
class acc: [0.9222222  0.98333335 0.86444443 0.8693333  0.968      0.85333335
 0.9066667  0.98444444 0.936      0.94222224]
2024-06-01 15:46:27,679 - INFO - [VAL][Epoch 10] Loss=0.2223, Acc=0.9258
2024-06-01 15:46:27,679 - INFO - Epoch Time: 0:00:17
********************************************************************************
2024-06-01 15:46:27,679 - INFO - Epoch: 12/40
2024-06-01 15:46:27,848 - INFO - [TRAIN][0/296] Loss=0.2567
2024-06-01 15:46:30,416 - INFO - [TRAIN][50/296] Loss=0.2440
2024-06-01 15:46:32,982 - INFO - [TRAIN][100/296] Loss=0.2482
2024-06-01 15:46:35,547 - INFO - [TRAIN][150/296] Loss=0.2554
2024-06-01 15:46:38,113 - INFO - [TRAIN][200/296] Loss=0.2602
2024-06-01 15:46:40,679 - INFO - [TRAIN][250/296] Loss=0.2616
2024-06-01 15:46:42,984 - INFO - [TRAIN][Epoch 11] Loss=0.2624, Acc=0.9124
class acc: [0.89111114 0.97444445 0.9633333  0.744      0.992      0.9
 0.81866664 0.9533333  0.94533336 0.9533333 ]
2024-06-01 15:46:45,323 - INFO - [VAL][Epoch 11] Loss=0.2585, Acc=0.9169
2024-06-01 15:46:45,323 - INFO - Epoch Time: 0:00:17
********************************************************************************
2024-06-01 15:46:45,323 - INFO - Epoch: 13/40
2024-06-01 15:46:45,494 - INFO - [TRAIN][0/296] Loss=0.2414
2024-06-01 15:46:48,062 - INFO - [TRAIN][50/296] Loss=0.2285
2024-06-01 15:46:50,630 - INFO - [TRAIN][100/296] Loss=0.2234
2024-06-01 15:46:53,195 - INFO - [TRAIN][150/296] Loss=0.2381
2024-06-01 15:46:55,763 - INFO - [TRAIN][200/296] Loss=0.2393
2024-06-01 15:46:58,329 - INFO - [TRAIN][250/296] Loss=0.2365
2024-06-01 15:47:00,635 - INFO - [TRAIN][Epoch 12] Loss=0.2386, Acc=0.9186
class acc: [0.92777777 0.9911111  0.94777775 0.9533333  0.984      0.8983333
 0.924      0.94       0.94533336 0.96666664]
2024-06-01 15:47:02,973 - INFO - [VAL][Epoch 12] Loss=0.1569, Acc=0.9494
2024-06-01 15:47:03,123 - INFO - Epoch Time: 0:00:17
********************************************************************************
2024-06-01 15:47:03,124 - INFO - Epoch: 14/40
2024-06-01 15:47:03,304 - INFO - [TRAIN][0/296] Loss=0.2563
2024-06-01 15:47:05,870 - INFO - [TRAIN][50/296] Loss=0.2357
2024-06-01 15:47:08,434 - INFO - [TRAIN][100/296] Loss=0.2255
2024-06-01 15:47:10,998 - INFO - [TRAIN][150/296] Loss=0.2285
2024-06-01 15:47:13,561 - INFO - [TRAIN][200/296] Loss=0.2278
2024-06-01 15:47:16,124 - INFO - [TRAIN][250/296] Loss=0.2268
2024-06-01 15:47:18,428 - INFO - [TRAIN][Epoch 13] Loss=0.2257, Acc=0.9233
class acc: [0.8933333  0.99       0.9111111  0.88533336 0.99333334 0.95666665
 0.948      0.9633333  0.94       0.95666665]
2024-06-01 15:47:20,784 - INFO - [VAL][Epoch 13] Loss=0.1744, Acc=0.9435
2024-06-01 15:47:20,784 - INFO - Epoch Time: 0:00:17
********************************************************************************
2024-06-01 15:47:20,784 - INFO - Epoch: 15/40
2024-06-01 15:47:20,951 - INFO - [TRAIN][0/296] Loss=0.2100
2024-06-01 15:47:23,525 - INFO - [TRAIN][50/296] Loss=0.2094
2024-06-01 15:47:26,096 - INFO - [TRAIN][100/296] Loss=0.2218
2024-06-01 15:47:28,662 - INFO - [TRAIN][150/296] Loss=0.2196
2024-06-01 15:47:31,230 - INFO - [TRAIN][200/296] Loss=0.2152
2024-06-01 15:47:33,797 - INFO - [TRAIN][250/296] Loss=0.2118
2024-06-01 15:47:36,106 - INFO - [TRAIN][Epoch 14] Loss=0.2131, Acc=0.9284
class acc: [0.92444444 0.98888886 0.88555557 0.948      0.996      0.96
 0.91866666 0.92333335 0.8986667  0.9822222 ]
2024-06-01 15:47:38,448 - INFO - [VAL][Epoch 14] Loss=0.1796, Acc=0.9421
2024-06-01 15:47:38,449 - INFO - Epoch Time: 0:00:17
********************************************************************************
2024-06-01 15:47:38,449 - INFO - Epoch: 16/40
2024-06-01 15:47:38,609 - INFO - [TRAIN][0/296] Loss=0.2469
2024-06-01 15:47:41,182 - INFO - [TRAIN][50/296] Loss=0.2029
2024-06-01 15:47:43,750 - INFO - [TRAIN][100/296] Loss=0.2184
2024-06-01 15:47:46,321 - INFO - [TRAIN][150/296] Loss=0.2104
2024-06-01 15:47:48,889 - INFO - [TRAIN][200/296] Loss=0.2068
2024-06-01 15:47:51,462 - INFO - [TRAIN][250/296] Loss=0.2075
2024-06-01 15:47:53,768 - INFO - [TRAIN][Epoch 15] Loss=0.2075, Acc=0.9293
class acc: [0.95555556 0.99444443 0.89555556 0.85733336 1.         0.94666666
 0.9213333  0.9        0.948      0.9522222 ]
2024-06-01 15:47:56,153 - INFO - [VAL][Epoch 15] Loss=0.1885, Acc=0.9372
2024-06-01 15:47:56,153 - INFO - Epoch Time: 0:00:17
********************************************************************************
2024-06-01 15:47:56,153 - INFO - Epoch: 17/40
2024-06-01 15:47:56,321 - INFO - [TRAIN][0/296] Loss=0.2259
2024-06-01 15:47:58,890 - INFO - [TRAIN][50/296] Loss=0.2075
2024-06-01 15:48:01,459 - INFO - [TRAIN][100/296] Loss=0.2027
2024-06-01 15:48:04,026 - INFO - [TRAIN][150/296] Loss=0.2099
2024-06-01 15:48:06,596 - INFO - [TRAIN][200/296] Loss=0.2084
2024-06-01 15:48:09,164 - INFO - [TRAIN][250/296] Loss=0.2061
2024-06-01 15:48:11,470 - INFO - [TRAIN][Epoch 16] Loss=0.2069, Acc=0.9311
class acc: [0.92       0.99444443 0.9077778  0.93866664 0.996      0.9266667
 0.96133333 0.95       0.9293333  0.9588889 ]
2024-06-01 15:48:13,806 - INFO - [VAL][Epoch 16] Loss=0.1572, Acc=0.9485
2024-06-01 15:48:13,806 - INFO - Epoch Time: 0:00:17
********************************************************************************
2024-06-01 15:48:13,806 - INFO - Epoch: 18/40
2024-06-01 15:48:13,977 - INFO - [TRAIN][0/296] Loss=0.2416
2024-06-01 15:48:16,549 - INFO - [TRAIN][50/296] Loss=0.2092
2024-06-01 15:48:19,117 - INFO - [TRAIN][100/296] Loss=0.1993
2024-06-01 15:48:21,687 - INFO - [TRAIN][150/296] Loss=0.1954
2024-06-01 15:48:24,257 - INFO - [TRAIN][200/296] Loss=0.1943
2024-06-01 15:48:26,827 - INFO - [TRAIN][250/296] Loss=0.1935
2024-06-01 15:48:29,133 - INFO - [TRAIN][Epoch 17] Loss=0.1928, Acc=0.9356
class acc: [0.93333334 0.9911111  0.9122222  0.9        0.948      0.8066667
 0.87333333 0.99777776 0.93333334 0.96666664]
2024-06-01 15:48:31,472 - INFO - [VAL][Epoch 17] Loss=0.1990, Acc=0.9316
2024-06-01 15:48:31,472 - INFO - Epoch Time: 0:00:17
********************************************************************************
2024-06-01 15:48:31,473 - INFO - Epoch: 19/40
2024-06-01 15:48:31,634 - INFO - [TRAIN][0/296] Loss=0.2516
2024-06-01 15:48:34,206 - INFO - [TRAIN][50/296] Loss=0.1981
2024-06-01 15:48:36,777 - INFO - [TRAIN][100/296] Loss=0.1935
2024-06-01 15:48:39,346 - INFO - [TRAIN][150/296] Loss=0.1954
2024-06-01 15:48:41,919 - INFO - [TRAIN][200/296] Loss=0.1920
2024-06-01 15:48:44,490 - INFO - [TRAIN][250/296] Loss=0.1988
2024-06-01 15:48:46,799 - INFO - [TRAIN][Epoch 18] Loss=0.1987, Acc=0.9333
class acc: [0.9255555  0.97       0.8888889  0.97066665 0.85733336 0.9583333
 0.9493333  0.99       0.9586667  0.92777777]
2024-06-01 15:48:49,145 - INFO - [VAL][Epoch 18] Loss=0.1918, Acc=0.9394
2024-06-01 15:48:49,145 - INFO - Epoch Time: 0:00:17
********************************************************************************
2024-06-01 15:48:49,145 - INFO - Epoch: 20/40
2024-06-01 15:48:49,313 - INFO - [TRAIN][0/296] Loss=0.1388
2024-06-01 15:48:51,886 - INFO - [TRAIN][50/296] Loss=0.1923
2024-06-01 15:48:54,456 - INFO - [TRAIN][100/296] Loss=0.1780
2024-06-01 15:48:57,027 - INFO - [TRAIN][150/296] Loss=0.1846
2024-06-01 15:48:59,597 - INFO - [TRAIN][200/296] Loss=0.1851
2024-06-01 15:49:02,170 - INFO - [TRAIN][250/296] Loss=0.1839
2024-06-01 15:49:04,477 - INFO - [TRAIN][Epoch 19] Loss=0.1856, Acc=0.9356
class acc: [0.8711111  0.9911111  0.95111114 0.8946667  0.996      0.955
 0.91866666 0.9855555  0.9266667  0.9777778 ]
2024-06-01 15:49:06,824 - INFO - [VAL][Epoch 19] Loss=0.1672, Acc=0.9474
2024-06-01 15:49:06,825 - INFO - Epoch Time: 0:00:17
********************************************************************************
2024-06-01 15:49:06,825 - INFO - Epoch: 21/40
2024-06-01 15:49:06,996 - INFO - [TRAIN][0/296] Loss=0.0447
2024-06-01 15:49:09,566 - INFO - [TRAIN][50/296] Loss=0.1646
2024-06-01 15:49:12,135 - INFO - [TRAIN][100/296] Loss=0.1642
2024-06-01 15:49:14,705 - INFO - [TRAIN][150/296] Loss=0.1695
2024-06-01 15:49:17,274 - INFO - [TRAIN][200/296] Loss=0.1657
2024-06-01 15:49:19,843 - INFO - [TRAIN][250/296] Loss=0.1651
2024-06-01 15:49:22,149 - INFO - [TRAIN][Epoch 20] Loss=0.1685, Acc=0.9422
class acc: [0.95444447 0.99444443 0.8566667  0.90933335 0.952      0.9533333
 0.9266667  0.99777776 0.91333336 0.95111114]
2024-06-01 15:49:24,482 - INFO - [VAL][Epoch 20] Loss=0.1899, Acc=0.9416
2024-06-01 15:49:24,482 - INFO - Epoch Time: 0:00:17
********************************************************************************
2024-06-01 15:49:24,482 - INFO - Epoch: 22/40
2024-06-01 15:49:24,645 - INFO - [TRAIN][0/296] Loss=0.3746
2024-06-01 15:49:27,219 - INFO - [TRAIN][50/296] Loss=0.1720
2024-06-01 15:49:29,790 - INFO - [TRAIN][100/296] Loss=0.1681
2024-06-01 15:49:32,363 - INFO - [TRAIN][150/296] Loss=0.1744
2024-06-01 15:49:34,934 - INFO - [TRAIN][200/296] Loss=0.1718
2024-06-01 15:49:37,508 - INFO - [TRAIN][250/296] Loss=0.1716
2024-06-01 15:49:39,818 - INFO - [TRAIN][Epoch 21] Loss=0.1739, Acc=0.9401
class acc: [0.9722222  0.99333334 0.96444446 0.924      1.         0.93
 0.8653333  0.92777777 0.948      0.9611111 ]
2024-06-01 15:49:42,159 - INFO - [VAL][Epoch 21] Loss=0.1474, Acc=0.9504
2024-06-01 15:49:42,314 - INFO - Epoch Time: 0:00:17
********************************************************************************
2024-06-01 15:49:42,314 - INFO - Epoch: 23/40
2024-06-01 15:49:42,486 - INFO - [TRAIN][0/296] Loss=0.1103
2024-06-01 15:49:45,062 - INFO - [TRAIN][50/296] Loss=0.1845
2024-06-01 15:49:47,637 - INFO - [TRAIN][100/296] Loss=0.1777
2024-06-01 15:49:50,212 - INFO - [TRAIN][150/296] Loss=0.1766
2024-06-01 15:49:52,787 - INFO - [TRAIN][200/296] Loss=0.1712
2024-06-01 15:49:55,361 - INFO - [TRAIN][250/296] Loss=0.1700
2024-06-01 15:49:57,673 - INFO - [TRAIN][Epoch 22] Loss=0.1699, Acc=0.9427
class acc: [0.9622222  0.9866667  0.9677778  0.94       0.88666666 0.94666666
 0.81733334 0.99777776 0.96533334 0.94222224]
2024-06-01 15:50:00,013 - INFO - [VAL][Epoch 22] Loss=0.1680, Acc=0.9440
2024-06-01 15:50:00,013 - INFO - Epoch Time: 0:00:17
********************************************************************************
2024-06-01 15:50:00,014 - INFO - Epoch: 24/40
2024-06-01 15:50:00,180 - INFO - [TRAIN][0/296] Loss=0.1172
2024-06-01 15:50:02,753 - INFO - [TRAIN][50/296] Loss=0.1948
2024-06-01 15:50:05,327 - INFO - [TRAIN][100/296] Loss=0.1758
2024-06-01 15:50:07,900 - INFO - [TRAIN][150/296] Loss=0.1715
2024-06-01 15:50:10,497 - INFO - [TRAIN][200/296] Loss=0.1688
2024-06-01 15:50:13,101 - INFO - [TRAIN][250/296] Loss=0.1707
2024-06-01 15:50:15,438 - INFO - [TRAIN][Epoch 23] Loss=0.1671, Acc=0.9435
class acc: [0.9688889  0.9955556  0.9633333  0.91866666 0.9813333  0.94666666
 0.85733336 0.99       0.944      0.97555554]
2024-06-01 15:50:17,816 - INFO - [VAL][Epoch 23] Loss=0.1354, Acc=0.9565
2024-06-01 15:50:17,966 - INFO - Epoch Time: 0:00:17
********************************************************************************
2024-06-01 15:50:17,967 - INFO - Epoch: 25/40
2024-06-01 15:50:18,149 - INFO - [TRAIN][0/296] Loss=0.2117
2024-06-01 15:50:20,751 - INFO - [TRAIN][50/296] Loss=0.1913
2024-06-01 15:50:23,350 - INFO - [TRAIN][100/296] Loss=0.1768
2024-06-01 15:50:25,949 - INFO - [TRAIN][150/296] Loss=0.1705
2024-06-01 15:50:28,547 - INFO - [TRAIN][200/296] Loss=0.1731
2024-06-01 15:50:31,147 - INFO - [TRAIN][250/296] Loss=0.1704
2024-06-01 15:50:33,481 - INFO - [TRAIN][Epoch 24] Loss=0.1683, Acc=0.9442
class acc: [0.94555557 0.9955556  0.9677778  0.95066667 0.99333334 0.93833333
 0.86266667 0.9711111  0.944      0.95444447]
2024-06-01 15:50:35,839 - INFO - [VAL][Epoch 24] Loss=0.1466, Acc=0.9540
2024-06-01 15:50:35,839 - INFO - Epoch Time: 0:00:17
********************************************************************************
2024-06-01 15:50:35,839 - INFO - Epoch: 26/40
2024-06-01 15:50:36,019 - INFO - [TRAIN][0/296] Loss=0.1013
2024-06-01 15:50:38,608 - INFO - [TRAIN][50/296] Loss=0.1490
2024-06-01 15:50:41,197 - INFO - [TRAIN][100/296] Loss=0.1505
2024-06-01 15:50:43,789 - INFO - [TRAIN][150/296] Loss=0.1555
2024-06-01 15:50:46,379 - INFO - [TRAIN][200/296] Loss=0.1567
2024-06-01 15:50:48,968 - INFO - [TRAIN][250/296] Loss=0.1556
2024-06-01 15:50:51,293 - INFO - [TRAIN][Epoch 25] Loss=0.1562, Acc=0.9483
class acc: [0.91       0.99333334 0.9355556  0.968      0.912      0.965
 0.948      0.9988889  0.916      0.9677778 ]
2024-06-01 15:50:53,653 - INFO - [VAL][Epoch 25] Loss=0.1492, Acc=0.9521
2024-06-01 15:50:53,653 - INFO - Epoch Time: 0:00:17
********************************************************************************
2024-06-01 15:50:53,653 - INFO - Epoch: 27/40
2024-06-01 15:50:53,820 - INFO - [TRAIN][0/296] Loss=0.1083
2024-06-01 15:50:56,399 - INFO - [TRAIN][50/296] Loss=0.1566
2024-06-01 15:50:58,974 - INFO - [TRAIN][100/296] Loss=0.1552
2024-06-01 15:51:01,551 - INFO - [TRAIN][150/296] Loss=0.1558
2024-06-01 15:51:04,123 - INFO - [TRAIN][200/296] Loss=0.1491
2024-06-01 15:51:06,698 - INFO - [TRAIN][250/296] Loss=0.1536
2024-06-01 15:51:09,010 - INFO - [TRAIN][Epoch 26] Loss=0.1516, Acc=0.9493
class acc: [0.93       0.9955556  0.9611111  0.924      0.9946667  0.94
 0.928      0.9722222  0.95066667 0.9777778 ]
2024-06-01 15:51:11,375 - INFO - [VAL][Epoch 26] Loss=0.1345, Acc=0.9586
2024-06-01 15:51:11,518 - INFO - Epoch Time: 0:00:17
********************************************************************************
2024-06-01 15:51:11,519 - INFO - Epoch: 28/40
2024-06-01 15:51:11,694 - INFO - [TRAIN][0/296] Loss=0.2658
2024-06-01 15:51:14,268 - INFO - [TRAIN][50/296] Loss=0.1432
2024-06-01 15:51:16,836 - INFO - [TRAIN][100/296] Loss=0.1443
2024-06-01 15:51:19,404 - INFO - [TRAIN][150/296] Loss=0.1523
2024-06-01 15:51:21,972 - INFO - [TRAIN][200/296] Loss=0.1485
2024-06-01 15:51:24,539 - INFO - [TRAIN][250/296] Loss=0.1466
2024-06-01 15:51:26,845 - INFO - [TRAIN][Epoch 27] Loss=0.1496, Acc=0.9498
class acc: [0.9088889  0.9911111  0.96444446 0.8933333  0.97466666 0.955
 0.948      0.98888886 0.94666666 0.98      ]
2024-06-01 15:51:29,183 - INFO - [VAL][Epoch 27] Loss=0.1437, Acc=0.9562
2024-06-01 15:51:29,184 - INFO - Epoch Time: 0:00:17
********************************************************************************
2024-06-01 15:51:29,184 - INFO - Epoch: 29/40
2024-06-01 15:51:29,350 - INFO - [TRAIN][0/296] Loss=0.1193
2024-06-01 15:51:31,921 - INFO - [TRAIN][50/296] Loss=0.1449
2024-06-01 15:51:34,488 - INFO - [TRAIN][100/296] Loss=0.1442
2024-06-01 15:51:37,057 - INFO - [TRAIN][150/296] Loss=0.1418
2024-06-01 15:51:39,625 - INFO - [TRAIN][200/296] Loss=0.1376
2024-06-01 15:51:42,194 - INFO - [TRAIN][250/296] Loss=0.1419
2024-06-01 15:51:44,504 - INFO - [TRAIN][Epoch 28] Loss=0.1463, Acc=0.9496
class acc: [0.9533333  0.99222225 0.91333336 0.948      0.988      0.93833333
 0.96       0.93777776 0.91466665 0.96666664]
2024-06-01 15:51:46,842 - INFO - [VAL][Epoch 28] Loss=0.1449, Acc=0.9516
2024-06-01 15:51:46,842 - INFO - Epoch Time: 0:00:17
********************************************************************************
2024-06-01 15:51:46,842 - INFO - Epoch: 30/40
2024-06-01 15:51:47,028 - INFO - [TRAIN][0/296] Loss=0.1028
2024-06-01 15:51:49,598 - INFO - [TRAIN][50/296] Loss=0.1372
2024-06-01 15:51:52,166 - INFO - [TRAIN][100/296] Loss=0.1359
2024-06-01 15:51:54,733 - INFO - [TRAIN][150/296] Loss=0.1359
2024-06-01 15:51:57,302 - INFO - [TRAIN][200/296] Loss=0.1376
2024-06-01 15:51:59,868 - INFO - [TRAIN][250/296] Loss=0.1416
2024-06-01 15:52:02,176 - INFO - [TRAIN][Epoch 29] Loss=0.1427, Acc=0.9514
class acc: [0.9611111  0.9955556  0.9355556  0.9586667  0.9173333  0.96666664
 0.9026667  0.99777776 0.956      0.97      ]
2024-06-01 15:52:04,517 - INFO - [VAL][Epoch 29] Loss=0.1309, Acc=0.9574
2024-06-01 15:52:04,517 - INFO - Epoch Time: 0:00:17
********************************************************************************
2024-06-01 15:52:04,517 - INFO - Epoch: 31/40
2024-06-01 15:52:04,688 - INFO - [TRAIN][0/296] Loss=0.1144
2024-06-01 15:52:07,259 - INFO - [TRAIN][50/296] Loss=0.1505
2024-06-01 15:52:09,827 - INFO - [TRAIN][100/296] Loss=0.1398
2024-06-01 15:52:12,395 - INFO - [TRAIN][150/296] Loss=0.1405
2024-06-01 15:52:14,962 - INFO - [TRAIN][200/296] Loss=0.1434
2024-06-01 15:52:17,532 - INFO - [TRAIN][250/296] Loss=0.1458
2024-06-01 15:52:19,837 - INFO - [TRAIN][Epoch 30] Loss=0.1439, Acc=0.9525
class acc: [0.9577778  0.9955556  0.96666664 0.9346667  0.9946667  0.93
 0.9346667  0.9855555  0.948      0.9766667 ]
2024-06-01 15:52:22,183 - INFO - [VAL][Epoch 30] Loss=0.1116, Acc=0.9643
2024-06-01 15:52:22,334 - INFO - Epoch Time: 0:00:17
********************************************************************************
2024-06-01 15:52:22,334 - INFO - Epoch: 32/40
2024-06-01 15:52:22,512 - INFO - [TRAIN][0/296] Loss=0.1207
2024-06-01 15:52:25,083 - INFO - [TRAIN][50/296] Loss=0.1402
2024-06-01 15:52:27,653 - INFO - [TRAIN][100/296] Loss=0.1447
2024-06-01 15:52:30,223 - INFO - [TRAIN][150/296] Loss=0.1440
2024-06-01 15:52:32,792 - INFO - [TRAIN][200/296] Loss=0.1422
2024-06-01 15:52:35,362 - INFO - [TRAIN][250/296] Loss=0.1367
2024-06-01 15:52:37,667 - INFO - [TRAIN][Epoch 31] Loss=0.1351, Acc=0.9535
class acc: [0.9433333  0.99333334 0.96       0.972      0.9826667  0.985
 0.884      0.99333334 0.9346667  0.97555554]
2024-06-01 15:52:40,000 - INFO - [VAL][Epoch 31] Loss=0.1172, Acc=0.9630
2024-06-01 15:52:40,000 - INFO - Epoch Time: 0:00:17
********************************************************************************
2024-06-01 15:52:40,000 - INFO - Epoch: 33/40
2024-06-01 15:52:40,175 - INFO - [TRAIN][0/296] Loss=0.0858
2024-06-01 15:52:42,742 - INFO - [TRAIN][50/296] Loss=0.1377
2024-06-01 15:52:45,310 - INFO - [TRAIN][100/296] Loss=0.1387
2024-06-01 15:52:47,877 - INFO - [TRAIN][150/296] Loss=0.1401
2024-06-01 15:52:50,445 - INFO - [TRAIN][200/296] Loss=0.1424
2024-06-01 15:52:53,012 - INFO - [TRAIN][250/296] Loss=0.1398
2024-06-01 15:52:55,319 - INFO - [TRAIN][Epoch 32] Loss=0.1374, Acc=0.9544
class acc: [0.8977778  0.99444443 0.94       0.9533333  0.99733335 0.96
 0.948      0.9811111  0.972      0.9766667 ]
2024-06-01 15:52:57,666 - INFO - [VAL][Epoch 32] Loss=0.1280, Acc=0.9617
2024-06-01 15:52:57,666 - INFO - Epoch Time: 0:00:17
********************************************************************************
2024-06-01 15:52:57,666 - INFO - Epoch: 34/40
2024-06-01 15:52:57,849 - INFO - [TRAIN][0/296] Loss=0.1542
2024-06-01 15:53:00,415 - INFO - [TRAIN][50/296] Loss=0.0981
2024-06-01 15:53:02,980 - INFO - [TRAIN][100/296] Loss=0.1048
2024-06-01 15:53:05,546 - INFO - [TRAIN][150/296] Loss=0.1115
2024-06-01 15:53:08,112 - INFO - [TRAIN][200/296] Loss=0.1211
2024-06-01 15:53:10,679 - INFO - [TRAIN][250/296] Loss=0.1261
2024-06-01 15:53:12,985 - INFO - [TRAIN][Epoch 33] Loss=0.1279, Acc=0.9558
class acc: [0.9711111  0.99444443 0.95555556 0.9773333  0.97466666 0.905
 0.94266665 0.96       0.96666664 0.98333335]
2024-06-01 15:53:15,329 - INFO - [VAL][Epoch 33] Loss=0.1137, Acc=0.9651
2024-06-01 15:53:15,482 - INFO - Epoch Time: 0:00:17
********************************************************************************
2024-06-01 15:53:15,482 - INFO - Epoch: 35/40
2024-06-01 15:53:15,663 - INFO - [TRAIN][0/296] Loss=0.0979
2024-06-01 15:53:18,232 - INFO - [TRAIN][50/296] Loss=0.1247
2024-06-01 15:53:20,799 - INFO - [TRAIN][100/296] Loss=0.1201
2024-06-01 15:53:23,370 - INFO - [TRAIN][150/296] Loss=0.1279
2024-06-01 15:53:25,940 - INFO - [TRAIN][200/296] Loss=0.1285
2024-06-01 15:53:28,510 - INFO - [TRAIN][250/296] Loss=0.1232
2024-06-01 15:53:30,820 - INFO - [TRAIN][Epoch 34] Loss=0.1263, Acc=0.9585
class acc: [0.9166667  0.99444443 0.9611111  0.93333334 0.96533334 0.96666664
 0.94666666 0.9911111  0.96666664 0.9766667 ]
2024-06-01 15:53:33,153 - INFO - [VAL][Epoch 34] Loss=0.1147, Acc=0.9623
2024-06-01 15:53:33,153 - INFO - Epoch Time: 0:00:17
********************************************************************************
2024-06-01 15:53:33,153 - INFO - Epoch: 36/40
2024-06-01 15:53:33,339 - INFO - [TRAIN][0/296] Loss=0.1046
2024-06-01 15:53:35,909 - INFO - [TRAIN][50/296] Loss=0.1342
2024-06-01 15:53:38,478 - INFO - [TRAIN][100/296] Loss=0.1253
2024-06-01 15:53:41,047 - INFO - [TRAIN][150/296] Loss=0.1295
2024-06-01 15:53:43,617 - INFO - [TRAIN][200/296] Loss=0.1303
2024-06-01 15:53:46,189 - INFO - [TRAIN][250/296] Loss=0.1331
2024-06-01 15:53:48,496 - INFO - [TRAIN][Epoch 35] Loss=0.1340, Acc=0.9542
class acc: [0.9622222  0.99666667 0.9622222  0.92       0.99733335 0.9433333
 0.9346667  0.9688889  0.96133333 0.9722222 ]
2024-06-01 15:53:50,840 - INFO - [VAL][Epoch 35] Loss=0.1190, Acc=0.9632
2024-06-01 15:53:50,840 - INFO - Epoch Time: 0:00:17
********************************************************************************
2024-06-01 15:53:50,840 - INFO - Epoch: 37/40
2024-06-01 15:53:51,004 - INFO - [TRAIN][0/296] Loss=0.1446
2024-06-01 15:53:53,571 - INFO - [TRAIN][50/296] Loss=0.1134
2024-06-01 15:53:56,139 - INFO - [TRAIN][100/296] Loss=0.1159
2024-06-01 15:53:58,706 - INFO - [TRAIN][150/296] Loss=0.1200
2024-06-01 15:54:01,273 - INFO - [TRAIN][200/296] Loss=0.1216
2024-06-01 15:54:03,839 - INFO - [TRAIN][250/296] Loss=0.1236
2024-06-01 15:54:06,145 - INFO - [TRAIN][Epoch 36] Loss=0.1217, Acc=0.9595
class acc: [0.9388889  0.99444443 0.96       0.9826667  0.9853333  0.915
 0.94266665 0.9822222  0.9626667  0.9777778 ]
2024-06-01 15:54:08,485 - INFO - [VAL][Epoch 36] Loss=0.1078, Acc=0.9657
2024-06-01 15:54:08,638 - INFO - Epoch Time: 0:00:17
********************************************************************************
2024-06-01 15:54:08,639 - INFO - Epoch: 38/40
2024-06-01 15:54:08,824 - INFO - [TRAIN][0/296] Loss=0.0574
2024-06-01 15:54:11,397 - INFO - [TRAIN][50/296] Loss=0.1184
2024-06-01 15:54:13,964 - INFO - [TRAIN][100/296] Loss=0.1161
2024-06-01 15:54:16,533 - INFO - [TRAIN][150/296] Loss=0.1193
2024-06-01 15:54:19,101 - INFO - [TRAIN][200/296] Loss=0.1199
2024-06-01 15:54:21,669 - INFO - [TRAIN][250/296] Loss=0.1202
2024-06-01 15:54:23,975 - INFO - [TRAIN][Epoch 37] Loss=0.1257, Acc=0.9586
class acc: [0.9611111  0.99444443 0.9822222  0.91866666 0.99333334 0.955
 0.916      0.99       0.97066665 0.95111114]
2024-06-01 15:54:26,320 - INFO - [VAL][Epoch 37] Loss=0.1203, Acc=0.9646
2024-06-01 15:54:26,321 - INFO - Epoch Time: 0:00:17
********************************************************************************
2024-06-01 15:54:26,321 - INFO - Epoch: 39/40
2024-06-01 15:54:26,493 - INFO - [TRAIN][0/296] Loss=0.1326
2024-06-01 15:54:29,063 - INFO - [TRAIN][50/296] Loss=0.1514
2024-06-01 15:54:31,630 - INFO - [TRAIN][100/296] Loss=0.1398
2024-06-01 15:54:34,197 - INFO - [TRAIN][150/296] Loss=0.1371
2024-06-01 15:54:36,766 - INFO - [TRAIN][200/296] Loss=0.1355
2024-06-01 15:54:39,332 - INFO - [TRAIN][250/296] Loss=0.1329
2024-06-01 15:54:41,638 - INFO - [TRAIN][Epoch 38] Loss=0.1347, Acc=0.9561
class acc: [0.9577778  0.9955556  0.9577778  0.91066664 0.9906667  0.95
 0.93733335 0.99222225 0.976      0.97555554]
2024-06-01 15:54:43,971 - INFO - [VAL][Epoch 38] Loss=0.1109, Acc=0.9657
2024-06-01 15:54:43,972 - INFO - Epoch Time: 0:00:17
********************************************************************************
2024-06-01 15:54:43,972 - INFO - Epoch: 40/40
2024-06-01 15:54:44,138 - INFO - [TRAIN][0/296] Loss=0.1875
2024-06-01 15:54:46,712 - INFO - [TRAIN][50/296] Loss=0.1295
2024-06-01 15:54:49,285 - INFO - [TRAIN][100/296] Loss=0.1246
2024-06-01 15:54:51,853 - INFO - [TRAIN][150/296] Loss=0.1224
2024-06-01 15:54:54,420 - INFO - [TRAIN][200/296] Loss=0.1180
2024-06-01 15:54:56,988 - INFO - [TRAIN][250/296] Loss=0.1173
2024-06-01 15:54:59,294 - INFO - [TRAIN][Epoch 39] Loss=0.1178, Acc=0.9602
class acc: [0.95111114 0.99666667 0.9688889  0.93866664 0.9866667  0.96
 0.9293333  0.98888886 0.96133333 0.96666664]
2024-06-01 15:55:01,629 - INFO - [VAL][Epoch 39] Loss=0.1075, Acc=0.9658
2024-06-01 15:55:01,775 - INFO - Epoch Time: 0:00:17
****************************************************************************************************
2024-06-01 15:55:50,545 - INFO - Best Acc: 0.9658024691358025
