model config:
 {
    "optimizer": {
        "type": "Adam",
        "param": {
            "lr": 0.001,
            "betas": [
                0.9,
                0.999
            ]
        }
    },
    "data_dir": "/home/stu6/EuroSAT_PRML24/Task_A",
    "work_dir": "../TaskA/2024-06-02-01:20:53",
    "train": {
        "num_epochs": 50,
        "input_size": 64,
        "batch_size": 64
    },
    "val": {
        "input_size": 64,
        "batch_size": 64
    }
}
********************************************************************************
2024-06-02 01:20:53,697 - INFO - Epoch: 1/50
2024-06-02 01:20:54,183 - INFO - [TRAIN][0/296] Loss=2.2434
2024-06-02 01:20:56,732 - INFO - [TRAIN][50/296] Loss=1.5363
2024-06-02 01:20:59,264 - INFO - [TRAIN][100/296] Loss=1.3577
2024-06-02 01:21:01,797 - INFO - [TRAIN][150/296] Loss=1.2647
2024-06-02 01:21:04,333 - INFO - [TRAIN][200/296] Loss=1.2058
2024-06-02 01:21:06,874 - INFO - [TRAIN][250/296] Loss=1.1469
2024-06-02 01:21:09,230 - INFO - [TRAIN][Epoch 0] Loss=1.1079, Acc=0.6112
class acc: [0.76555556 0.75666666 0.7633333  0.44533333 0.9546667  0.66833335
 0.58133334 0.91888887 0.716      0.84444445]
2024-06-02 01:21:11,573 - INFO - [VAL][Epoch 0] Loss=0.7142, Acc=0.7491
2024-06-02 01:21:11,638 - INFO - Epoch Time: 0:00:17
********************************************************************************
2024-06-02 01:21:11,639 - INFO - Epoch: 2/50
2024-06-02 01:21:11,833 - INFO - [TRAIN][0/296] Loss=0.7072
2024-06-02 01:21:14,384 - INFO - [TRAIN][50/296] Loss=0.9064
2024-06-02 01:21:16,936 - INFO - [TRAIN][100/296] Loss=0.8619
2024-06-02 01:21:19,492 - INFO - [TRAIN][150/296] Loss=0.8383
2024-06-02 01:21:22,048 - INFO - [TRAIN][200/296] Loss=0.8273
